# JRE version: Java(TM) SE Runtime Environment 18.9 (11.0.15+8) (build 11.0.15+8-LTS-149)
# Java VM: Java HotSpot(TM) 64-Bit Server VM 18.9 (11.0.15+8-LTS-149, mixed mode, tiered, compressed oops, g1 gc, windows-amd64)
Heap:
 garbage-first heap   total 157696K, used 59031K [0x0000000080000000, 0x0000000100000000)
  region size 1024K, 53 young (54272K), 8 survivors (8192K)
 Metaspace       used 41651K, capacity 42803K, committed 42928K, reserved 1087488K
  class space    used 4847K, capacity 5275K, committed 5376K, reserved 1048576K
GC Heap History (10 events):
Event: 3.153 GC heap before
{Heap before GC invocations=3 (full 0):
 garbage-first heap   total 131072K, used 22948K [0x0000000080000000, 0x0000000100000000)
  region size 1024K, 18 young (18432K), 2 survivors (2048K)
 Metaspace       used 15366K, capacity 15669K, committed 15872K, reserved 1062912K
  class space    used 1559K, capacity 1680K, committed 1792K, reserved 1048576K
}
Event: 3.160 GC heap after
{Heap after GC invocations=4 (full 0):
 garbage-first heap   total 131072K, used 7327K [0x0000000080000000, 0x0000000100000000)
  region size 1024K, 2 young (2048K), 2 survivors (2048K)
 Metaspace       used 15366K, capacity 15669K, committed 15872K, reserved 1062912K
  class space    used 1559K, capacity 1680K, committed 1792K, reserved 1048576K
}
Event: 3.881 GC heap before
{Heap before GC invocations=4 (full 0):
 garbage-first heap   total 131072K, used 31903K [0x0000000080000000, 0x0000000100000000)
  region size 1024K, 26 young (26624K), 2 survivors (2048K)
 Metaspace       used 19875K, capacity 20406K, committed 20608K, reserved 1067008K
  class space    used 2141K, capacity 2378K, committed 2432K, reserved 1048576K
}
Event: 3.889 GC heap after
{Heap after GC invocations=5 (full 0):
 garbage-first heap   total 131072K, used 8231K [0x0000000080000000, 0x0000000100000000)
  region size 1024K, 3 young (3072K), 3 survivors (3072K)
 Metaspace       used 19875K, capacity 20406K, committed 20608K, reserved 1067008K
  class space    used 2141K, capacity 2378K, committed 2432K, reserved 1048576K
}
Event: 3.979 GC heap before
{Heap before GC invocations=5 (full 0):
 garbage-first heap   total 131072K, used 11303K [0x0000000080000000, 0x0000000100000000)
  region size 1024K, 7 young (7168K), 3 survivors (3072K)
 Metaspace       used 20681K, capacity 21159K, committed 21296K, reserved 1069056K
  class space    used 2218K, capacity 2415K, committed 2432K, reserved 1048576K
}
Event: 3.986 GC heap after
{Heap after GC invocations=6 (full 0):
 garbage-first heap   total 131072K, used 8457K [0x0000000080000000, 0x0000000100000000)
  region size 1024K, 3 young (3072K), 3 survivors (3072K)
 Metaspace       used 20681K, capacity 21159K, committed 21296K, reserved 1069056K
  class space    used 2218K, capacity 2415K, committed 2432K, reserved 1048576K
}
Event: 5.360 GC heap before
{Heap before GC invocations=7 (full 0):
 garbage-first heap   total 131072K, used 59657K [0x0000000080000000, 0x0000000100000000)
  region size 1024K, 54 young (55296K), 3 survivors (3072K)
 Metaspace       used 26055K, capacity 26718K, committed 26928K, reserved 1073152K
  class space    used 2904K, capacity 3159K, committed 3200K, reserved 1048576K
}
Event: 5.385 GC heap after
{Heap after GC invocations=8 (full 0):
 garbage-first heap   total 157696K, used 10664K [0x0000000080000000, 0x0000000100000000)
  region size 1024K, 5 young (5120K), 5 survivors (5120K)
 Metaspace       used 26055K, capacity 26718K, committed 26928K, reserved 1073152K
  class space    used 2904K, capacity 3159K, committed 3200K, reserved 1048576K
}
Event: 7.754 GC heap before
{Heap before GC invocations=8 (full 0):
 garbage-first heap   total 157696K, used 81320K [0x0000000080000000, 0x0000000100000000)
  region size 1024K, 75 young (76800K), 5 survivors (5120K)
 Metaspace       used 34535K, capacity 35576K, committed 35632K, reserved 1081344K
  class space    used 4035K, capacity 4439K, committed 4480K, reserved 1048576K
}
Event: 7.777 GC heap after
{Heap after GC invocations=9 (full 0):
 garbage-first heap   total 157696K, used 13975K [0x0000000080000000, 0x0000000100000000)
  region size 1024K, 8 young (8192K), 8 survivors (8192K)
 Metaspace       used 34535K, capacity 35576K, committed 35632K, reserved 1081344K
  class space    used 4035K, capacity 4439K, committed 4480K, reserved 1048576K
}

